<testsuite name="AuthSuite" tests="1" failures="1" errors="0" skipped="0" time="0.001" timestamp="2025-08-22T18:05:00Z">
    <testcase classname="AuthSuite" name="loginWorks" time="0.001">
        <failure>AssertionError</failure>
    </testcase>
</testsuite>
